{
  "RSpec": {
    "coverage": {
      "/Users/christhomas/Paringprojectsproper/bookmarks/spec/bookmarks_spec.rb": {
        "lines": [
          1,
          null,
          1,
          1,
          1,
          null,
          1,
          1,
          1,
          null,
          null,
          null,
          null
        ]
      },
      "/Users/christhomas/Paringprojectsproper/bookmarks/spec/features/visit_spec.rb": {
        "lines": [
          1,
          1,
          1,
          1,
          null,
          null,
          1,
          1,
          1,
          1,
          1,
          null,
          null
        ]
      }
    },
    "timestamp": 1638879859
  }
}
